0 info it worked if it ends with ok
1 verbose cli [ 'node', '/usr/bin/npm', 'start' ]
2 info using npm@3.10.6
3 info using node@v0.10.46
4 verbose node symlink /usr/bin/node
5 verbose run-script [ 'prestart', 'start', 'poststart' ]
6 info lifecycle product-management@1.0.0~prestart: product-management@1.0.0
7 silly lifecycle product-management@1.0.0~prestart: no script for prestart, continuing
8 info lifecycle product-management@1.0.0~start: product-management@1.0.0
9 verbose lifecycle product-management@1.0.0~start: unsafe-perm in lifecycle true
10 verbose lifecycle product-management@1.0.0~start: PATH: /usr/lib/node_modules/npm/bin/node-gyp-bin:/var/www/html/angular-pm/public/node_modules/.bin:/usr/local/sbin:/usr/local/bin:/usr/sbin:/usr/bin:/sbin:/bin:/usr/games:/usr/local/games:/usr/lib/jvm/java-8-oracle/bin:/usr/lib/jvm/java-8-oracle/db/bin:/usr/lib/jvm/java-8-oracle/jre/bin
11 verbose lifecycle product-management@1.0.0~start: CWD: /var/www/html/angular-pm/public
12 silly lifecycle product-management@1.0.0~start: Args: [ '-c', 'tsc && concurrently "tsc -w" "lite-server" ' ]
13 silly lifecycle product-management@1.0.0~start: Returned: code: 2  signal: null
14 info lifecycle product-management@1.0.0~start: Failed to exec start script
15 verbose stack Error: product-management@1.0.0 start: `tsc && concurrently "tsc -w" "lite-server" `
15 verbose stack Exit status 2
15 verbose stack     at EventEmitter.<anonymous> (/usr/lib/node_modules/npm/lib/utils/lifecycle.js:255:16)
15 verbose stack     at EventEmitter.emit (events.js:98:17)
15 verbose stack     at ChildProcess.<anonymous> (/usr/lib/node_modules/npm/lib/utils/spawn.js:40:14)
15 verbose stack     at ChildProcess.emit (events.js:98:17)
15 verbose stack     at maybeClose (child_process.js:766:16)
15 verbose stack     at Process.ChildProcess._handle.onexit (child_process.js:833:5)
16 verbose pkgid product-management@1.0.0
17 verbose cwd /var/www/html/angular-pm/public
18 error Linux 4.4.0-34-generic
19 error argv "node" "/usr/bin/npm" "start"
20 error node v0.10.46
21 error npm  v3.10.6
22 error code ELIFECYCLE
23 error product-management@1.0.0 start: `tsc && concurrently "tsc -w" "lite-server" `
23 error Exit status 2
24 error Failed at the product-management@1.0.0 start script 'tsc && concurrently "tsc -w" "lite-server" '.
24 error Make sure you have the latest version of node.js and npm installed.
24 error If you do, this is most likely a problem with the product-management package,
24 error not with npm itself.
24 error Tell the author that this fails on your system:
24 error     tsc && concurrently "tsc -w" "lite-server"
24 error You can get information on how to open an issue for this project with:
24 error     npm bugs product-management
24 error Or if that isn't available, you can get their info via:
24 error     npm owner ls product-management
24 error There is likely additional logging output above.
25 verbose exit [ 1, true ]
